\BOOKMARK [1][-]{section.1}{数据结构}{}% 1
\BOOKMARK [1][-]{section.2}{动态规划}{}% 2
\BOOKMARK [1][-]{section.3}{图论}{}% 3
\BOOKMARK [2][-]{subsection.3.1}{最短路 shortest path}{section.3}% 4
\BOOKMARK [2][-]{subsection.3.2}{最大流 maximum flow}{section.3}% 5
\BOOKMARK [2][-]{subsection.3.3}{最近公共祖先 LCA}{section.3}% 6
\BOOKMARK [1][-]{section.4}{数学专题}{}% 7
\BOOKMARK [2][-]{subsection.4.1}{逆元 Inverse}{section.4}% 8
\BOOKMARK [2][-]{subsection.4.2}{模}{section.4}% 9
\BOOKMARK [2][-]{subsection.4.3}{中国剩余定理和线性同余方程组}{section.4}% 10
\BOOKMARK [2][-]{subsection.4.4}{组合与组合恒等式}{section.4}% 11
\BOOKMARK [2][-]{subsection.4.5}{排列permutation}{section.4}% 12
\BOOKMARK [2][-]{subsection.4.6}{母函数 Generating Function}{section.4}% 13
\BOOKMARK [2][-]{subsection.4.7}{博弈论和SG函数}{section.4}% 14
\BOOKMARK [2][-]{subsection.4.8}{鸽笼原理与Ramsey数}{section.4}% 15
\BOOKMARK [2][-]{subsection.4.9}{容斥原理}{section.4}% 16
\BOOKMARK [2][-]{subsection.4.10}{伪随机数的生成–梅森旋转算法}{section.4}% 17
\BOOKMARK [1][-]{section.5}{字符串}{}% 18
\BOOKMARK [2][-]{subsection.5.1}{palindrome回文串}{section.5}% 19
\BOOKMARK [1][-]{section.6}{计算几何}{}% 20
\BOOKMARK [2][-]{subsection.6.1}{计算几何基础}{section.6}% 21
\BOOKMARK [2][-]{subsection.6.2}{多边形}{section.6}% 22
\BOOKMARK [2][-]{subsection.6.3}{凸包 ConvexHull}{section.6}% 23
\BOOKMARK [2][-]{subsection.6.4}{立体几何}{section.6}% 24
\BOOKMARK [1][-]{section.7}{Java}{}% 25
